mode: set
github.com/vit6556/ozon-internship-assignment/internal/database/mocks/url.go:19.113,22.19 2 0
github.com/vit6556/ozon-internship-assignment/internal/database/mocks/url.go:22.19,23.50 1 0
github.com/vit6556/ozon-internship-assignment/internal/database/mocks/url.go:26.2,28.91 3 0
github.com/vit6556/ozon-internship-assignment/internal/database/mocks/url.go:28.91,30.3 1 0
github.com/vit6556/ozon-internship-assignment/internal/database/mocks/url.go:31.2,31.82 1 0
github.com/vit6556/ozon-internship-assignment/internal/database/mocks/url.go:31.82,33.3 1 0
github.com/vit6556/ozon-internship-assignment/internal/database/mocks/url.go:33.8,34.24 1 0
github.com/vit6556/ozon-internship-assignment/internal/database/mocks/url.go:34.24,36.4 1 0
github.com/vit6556/ozon-internship-assignment/internal/database/mocks/url.go:39.2,39.76 1 0
github.com/vit6556/ozon-internship-assignment/internal/database/mocks/url.go:39.76,41.3 1 0
github.com/vit6556/ozon-internship-assignment/internal/database/mocks/url.go:41.8,43.3 1 0
github.com/vit6556/ozon-internship-assignment/internal/database/mocks/url.go:45.2,45.15 1 0
github.com/vit6556/ozon-internship-assignment/internal/database/mocks/url.go:49.93,52.19 2 0
github.com/vit6556/ozon-internship-assignment/internal/database/mocks/url.go:52.19,53.48 1 0
github.com/vit6556/ozon-internship-assignment/internal/database/mocks/url.go:56.2,58.83 3 0
github.com/vit6556/ozon-internship-assignment/internal/database/mocks/url.go:58.83,60.3 1 0
github.com/vit6556/ozon-internship-assignment/internal/database/mocks/url.go:61.2,61.74 1 0
github.com/vit6556/ozon-internship-assignment/internal/database/mocks/url.go:61.74,63.3 1 0
github.com/vit6556/ozon-internship-assignment/internal/database/mocks/url.go:63.8,64.24 1 0
github.com/vit6556/ozon-internship-assignment/internal/database/mocks/url.go:64.24,66.4 1 0
github.com/vit6556/ozon-internship-assignment/internal/database/mocks/url.go:69.2,69.68 1 0
github.com/vit6556/ozon-internship-assignment/internal/database/mocks/url.go:69.68,71.3 1 0
github.com/vit6556/ozon-internship-assignment/internal/database/mocks/url.go:71.8,73.3 1 0
github.com/vit6556/ozon-internship-assignment/internal/database/mocks/url.go:75.2,75.15 1 0
github.com/vit6556/ozon-internship-assignment/internal/database/mocks/url.go:83.23,87.19 3 0
github.com/vit6556/ozon-internship-assignment/internal/database/mocks/url.go:87.19,87.49 1 0
github.com/vit6556/ozon-internship-assignment/internal/database/mocks/url.go:89.2,89.13 1 0
github.com/vit6556/ozon-internship-assignment/internal/database/postgres/url.go:19.56,23.2 1 0
github.com/vit6556/ozon-internship-assignment/internal/database/postgres/url.go:25.88,29.16 3 0
github.com/vit6556/ozon-internship-assignment/internal/database/postgres/url.go:29.16,32.3 2 0
github.com/vit6556/ozon-internship-assignment/internal/database/postgres/url.go:34.2,34.18 1 0
github.com/vit6556/ozon-internship-assignment/internal/database/postgres/url.go:37.108,42.16 3 0
github.com/vit6556/ozon-internship-assignment/internal/database/postgres/url.go:42.16,44.29 2 0
github.com/vit6556/ozon-internship-assignment/internal/database/postgres/url.go:44.29,45.32 1 0
github.com/vit6556/ozon-internship-assignment/internal/database/postgres/url.go:46.31,47.51 1 0
github.com/vit6556/ozon-internship-assignment/internal/database/postgres/url.go:48.26,49.47 1 0
github.com/vit6556/ozon-internship-assignment/internal/database/postgres/url.go:53.3,54.46 2 0
github.com/vit6556/ozon-internship-assignment/internal/database/postgres/url.go:57.2,57.18 1 0
github.com/vit6556/ozon-internship-assignment/internal/database/inmemory/url.go:18.40,23.2 1 0
github.com/vit6556/ozon-internship-assignment/internal/database/inmemory/url.go:25.88,30.13 4 0
github.com/vit6556/ozon-internship-assignment/internal/database/inmemory/url.go:30.13,33.3 2 0
github.com/vit6556/ozon-internship-assignment/internal/database/inmemory/url.go:35.2,35.17 1 0
github.com/vit6556/ozon-internship-assignment/internal/database/inmemory/url.go:38.108,42.48 3 0
github.com/vit6556/ozon-internship-assignment/internal/database/inmemory/url.go:42.48,44.3 1 0
github.com/vit6556/ozon-internship-assignment/internal/database/inmemory/url.go:46.2,46.44 1 0
github.com/vit6556/ozon-internship-assignment/internal/database/inmemory/url.go:46.44,48.3 1 0
github.com/vit6556/ozon-internship-assignment/internal/database/inmemory/url.go:50.2,59.17 4 0
github.com/vit6556/ozon-internship-assignment/internal/app/postgres.go:14.35,28.16 6 0
github.com/vit6556/ozon-internship-assignment/internal/app/postgres.go:28.16,30.3 1 0
github.com/vit6556/ozon-internship-assignment/internal/app/postgres.go:32.2,33.16 2 0
github.com/vit6556/ozon-internship-assignment/internal/app/postgres.go:33.16,35.3 1 0
github.com/vit6556/ozon-internship-assignment/internal/app/postgres.go:37.2,37.15 1 0
github.com/vit6556/ozon-internship-assignment/internal/app/server.go:18.75,21.20 3 0
github.com/vit6556/ozon-internship-assignment/internal/app/server.go:22.18,24.55 2 0
github.com/vit6556/ozon-internship-assignment/internal/app/server.go:25.18,26.49 1 0
github.com/vit6556/ozon-internship-assignment/internal/app/server.go:27.10,28.48 1 0
github.com/vit6556/ozon-internship-assignment/internal/app/server.go:31.2,42.18 8 0
github.com/vit6556/ozon-internship-assignment/internal/config/config.go:31.34,33.19 2 0
github.com/vit6556/ozon-internship-assignment/internal/config/config.go:33.19,35.3 1 0
github.com/vit6556/ozon-internship-assignment/internal/config/config.go:37.2,38.24 2 0
github.com/vit6556/ozon-internship-assignment/internal/config/config.go:38.24,40.3 1 0
github.com/vit6556/ozon-internship-assignment/internal/config/config.go:42.2,43.16 2 0
github.com/vit6556/ozon-internship-assignment/internal/config/config.go:43.16,45.3 1 0
github.com/vit6556/ozon-internship-assignment/internal/config/config.go:31.34,33.19 2 0
github.com/vit6556/ozon-internship-assignment/internal/config/config.go:33.19,35.3 1 0
github.com/vit6556/ozon-internship-assignment/internal/config/config.go:37.2,38.24 2 0
github.com/vit6556/ozon-internship-assignment/internal/config/config.go:38.24,40.3 1 0
github.com/vit6556/ozon-internship-assignment/internal/config/config.go:42.2,43.16 2 0
github.com/vit6556/ozon-internship-assignment/internal/config/config.go:43.16,45.3 1 0
github.com/vit6556/ozon-internship-assignment/internal/database/mocks/url.go:19.113,22.19 2 1
github.com/vit6556/ozon-internship-assignment/internal/database/mocks/url.go:22.19,23.50 1 0
github.com/vit6556/ozon-internship-assignment/internal/database/mocks/url.go:26.2,28.91 3 1
github.com/vit6556/ozon-internship-assignment/internal/database/mocks/url.go:28.91,30.3 1 0
github.com/vit6556/ozon-internship-assignment/internal/database/mocks/url.go:31.2,31.82 1 1
github.com/vit6556/ozon-internship-assignment/internal/database/mocks/url.go:31.82,33.3 1 0
github.com/vit6556/ozon-internship-assignment/internal/database/mocks/url.go:33.8,34.24 1 1
github.com/vit6556/ozon-internship-assignment/internal/database/mocks/url.go:34.24,36.4 1 1
github.com/vit6556/ozon-internship-assignment/internal/database/mocks/url.go:39.2,39.76 1 1
github.com/vit6556/ozon-internship-assignment/internal/database/mocks/url.go:39.76,41.3 1 0
github.com/vit6556/ozon-internship-assignment/internal/database/mocks/url.go:41.8,43.3 1 1
github.com/vit6556/ozon-internship-assignment/internal/database/mocks/url.go:45.2,45.15 1 1
github.com/vit6556/ozon-internship-assignment/internal/database/mocks/url.go:49.93,52.19 2 1
github.com/vit6556/ozon-internship-assignment/internal/database/mocks/url.go:52.19,53.48 1 0
github.com/vit6556/ozon-internship-assignment/internal/database/mocks/url.go:56.2,58.83 3 1
github.com/vit6556/ozon-internship-assignment/internal/database/mocks/url.go:58.83,60.3 1 0
github.com/vit6556/ozon-internship-assignment/internal/database/mocks/url.go:61.2,61.74 1 1
github.com/vit6556/ozon-internship-assignment/internal/database/mocks/url.go:61.74,63.3 1 0
github.com/vit6556/ozon-internship-assignment/internal/database/mocks/url.go:63.8,64.24 1 1
github.com/vit6556/ozon-internship-assignment/internal/database/mocks/url.go:64.24,66.4 1 1
github.com/vit6556/ozon-internship-assignment/internal/database/mocks/url.go:69.2,69.68 1 1
github.com/vit6556/ozon-internship-assignment/internal/database/mocks/url.go:69.68,71.3 1 0
github.com/vit6556/ozon-internship-assignment/internal/database/mocks/url.go:71.8,73.3 1 1
github.com/vit6556/ozon-internship-assignment/internal/database/mocks/url.go:75.2,75.15 1 1
github.com/vit6556/ozon-internship-assignment/internal/database/mocks/url.go:83.23,87.19 3 0
github.com/vit6556/ozon-internship-assignment/internal/database/mocks/url.go:87.19,87.49 1 0
github.com/vit6556/ozon-internship-assignment/internal/database/mocks/url.go:89.2,89.13 1 0
github.com/vit6556/ozon-internship-assignment/internal/service/url/url.go:20.96,25.2 1 1
github.com/vit6556/ozon-internship-assignment/internal/service/url/url.go:27.45,32.23 4 1
github.com/vit6556/ozon-internship-assignment/internal/service/url/url.go:32.23,34.3 1 1
github.com/vit6556/ozon-internship-assignment/internal/service/url/url.go:36.2,36.22 1 1
github.com/vit6556/ozon-internship-assignment/internal/service/url/url.go:39.85,41.16 2 1
github.com/vit6556/ozon-internship-assignment/internal/service/url/url.go:41.16,44.3 2 1
github.com/vit6556/ozon-internship-assignment/internal/service/url/url.go:46.2,46.17 1 1
github.com/vit6556/ozon-internship-assignment/internal/service/url/url.go:49.91,53.55 3 1
github.com/vit6556/ozon-internship-assignment/internal/service/url/url.go:53.55,57.14 3 1
github.com/vit6556/ozon-internship-assignment/internal/service/url/url.go:58.12,59.19 1 1
github.com/vit6556/ozon-internship-assignment/internal/service/url/url.go:60.43,61.49 1 1
github.com/vit6556/ozon-internship-assignment/internal/service/url/url.go:62.39,63.107 1 1
github.com/vit6556/ozon-internship-assignment/internal/service/url/url.go:64.11,66.46 2 0
github.com/vit6556/ozon-internship-assignment/internal/service/url/url.go:70.2,71.44 2 1
github.com/vit6556/ozon-internship-assignment/internal/service/mocks/url.go:18.96,21.19 2 0
github.com/vit6556/ozon-internship-assignment/internal/service/mocks/url.go:21.19,22.50 1 0
github.com/vit6556/ozon-internship-assignment/internal/service/mocks/url.go:25.2,27.83 3 0
github.com/vit6556/ozon-internship-assignment/internal/service/mocks/url.go:27.83,29.3 1 0
github.com/vit6556/ozon-internship-assignment/internal/service/mocks/url.go:30.2,30.74 1 0
github.com/vit6556/ozon-internship-assignment/internal/service/mocks/url.go:30.74,32.3 1 0
github.com/vit6556/ozon-internship-assignment/internal/service/mocks/url.go:32.8,33.24 1 0
github.com/vit6556/ozon-internship-assignment/internal/service/mocks/url.go:33.24,35.4 1 0
github.com/vit6556/ozon-internship-assignment/internal/service/mocks/url.go:38.2,38.68 1 0
github.com/vit6556/ozon-internship-assignment/internal/service/mocks/url.go:38.68,40.3 1 0
github.com/vit6556/ozon-internship-assignment/internal/service/mocks/url.go:40.8,42.3 1 0
github.com/vit6556/ozon-internship-assignment/internal/service/mocks/url.go:44.2,44.15 1 0
github.com/vit6556/ozon-internship-assignment/internal/service/mocks/url.go:48.90,51.19 2 0
github.com/vit6556/ozon-internship-assignment/internal/service/mocks/url.go:51.19,52.48 1 0
github.com/vit6556/ozon-internship-assignment/internal/service/mocks/url.go:55.2,57.83 3 0
github.com/vit6556/ozon-internship-assignment/internal/service/mocks/url.go:57.83,59.3 1 0
github.com/vit6556/ozon-internship-assignment/internal/service/mocks/url.go:60.2,60.74 1 0
github.com/vit6556/ozon-internship-assignment/internal/service/mocks/url.go:60.74,62.3 1 0
github.com/vit6556/ozon-internship-assignment/internal/service/mocks/url.go:62.8,63.24 1 0
github.com/vit6556/ozon-internship-assignment/internal/service/mocks/url.go:63.24,65.4 1 0
github.com/vit6556/ozon-internship-assignment/internal/service/mocks/url.go:68.2,68.68 1 0
github.com/vit6556/ozon-internship-assignment/internal/service/mocks/url.go:68.68,70.3 1 0
github.com/vit6556/ozon-internship-assignment/internal/service/mocks/url.go:70.8,72.3 1 0
github.com/vit6556/ozon-internship-assignment/internal/service/mocks/url.go:74.2,74.15 1 0
github.com/vit6556/ozon-internship-assignment/internal/service/mocks/url.go:82.20,86.19 3 0
github.com/vit6556/ozon-internship-assignment/internal/service/mocks/url.go:86.19,86.49 1 0
github.com/vit6556/ozon-internship-assignment/internal/service/mocks/url.go:88.2,88.13 1 0
github.com/vit6556/ozon-internship-assignment/internal/config/config.go:31.34,33.19 2 0
github.com/vit6556/ozon-internship-assignment/internal/config/config.go:33.19,35.3 1 0
github.com/vit6556/ozon-internship-assignment/internal/config/config.go:37.2,38.24 2 0
github.com/vit6556/ozon-internship-assignment/internal/config/config.go:38.24,40.3 1 0
github.com/vit6556/ozon-internship-assignment/internal/config/config.go:42.2,43.16 2 0
github.com/vit6556/ozon-internship-assignment/internal/config/config.go:43.16,45.3 1 0
github.com/vit6556/ozon-internship-assignment/internal/delivery/http/handler/url.go:21.95,23.48 2 1
github.com/vit6556/ozon-internship-assignment/internal/delivery/http/handler/url.go:23.48,25.3 1 1
github.com/vit6556/ozon-internship-assignment/internal/delivery/http/handler/url.go:27.2,32.3 1 1
github.com/vit6556/ozon-internship-assignment/internal/delivery/http/handler/url.go:35.54,36.33 1 1
github.com/vit6556/ozon-internship-assignment/internal/delivery/http/handler/url.go:36.33,38.3 1 1
github.com/vit6556/ozon-internship-assignment/internal/delivery/http/handler/url.go:40.2,40.34 1 1
github.com/vit6556/ozon-internship-assignment/internal/delivery/http/handler/url.go:40.34,41.53 1 1
github.com/vit6556/ozon-internship-assignment/internal/delivery/http/handler/url.go:41.53,43.4 1 0
github.com/vit6556/ozon-internship-assignment/internal/delivery/http/handler/url.go:46.2,46.13 1 1
github.com/vit6556/ozon-internship-assignment/internal/delivery/http/handler/url.go:50.53,51.66 1 1
github.com/vit6556/ozon-internship-assignment/internal/delivery/http/handler/url.go:51.66,53.3 1 1
github.com/vit6556/ozon-internship-assignment/internal/delivery/http/handler/url.go:55.2,56.41 2 1
github.com/vit6556/ozon-internship-assignment/internal/delivery/http/handler/url.go:56.41,58.3 1 0
github.com/vit6556/ozon-internship-assignment/internal/delivery/http/handler/url.go:60.2,60.51 1 1
github.com/vit6556/ozon-internship-assignment/internal/delivery/http/handler/url.go:60.51,62.3 1 1
github.com/vit6556/ozon-internship-assignment/internal/delivery/http/handler/url.go:64.2,65.16 2 1
github.com/vit6556/ozon-internship-assignment/internal/delivery/http/handler/url.go:65.16,66.14 1 1
github.com/vit6556/ozon-internship-assignment/internal/delivery/http/handler/url.go:67.42,68.102 1 1
github.com/vit6556/ozon-internship-assignment/internal/delivery/http/handler/url.go:69.11,70.108 1 0
github.com/vit6556/ozon-internship-assignment/internal/delivery/http/handler/url.go:74.2,74.74 1 1
github.com/vit6556/ozon-internship-assignment/internal/delivery/http/handler/url.go:77.51,79.17 2 1
github.com/vit6556/ozon-internship-assignment/internal/delivery/http/handler/url.go:79.17,81.3 1 1
github.com/vit6556/ozon-internship-assignment/internal/delivery/http/handler/url.go:81.8,81.35 1 1
github.com/vit6556/ozon-internship-assignment/internal/delivery/http/handler/url.go:81.35,83.3 1 1
github.com/vit6556/ozon-internship-assignment/internal/delivery/http/handler/url.go:85.2,86.16 2 1
github.com/vit6556/ozon-internship-assignment/internal/delivery/http/handler/url.go:86.16,87.14 1 1
github.com/vit6556/ozon-internship-assignment/internal/delivery/http/handler/url.go:88.33,89.88 1 1
github.com/vit6556/ozon-internship-assignment/internal/delivery/http/handler/url.go:90.11,91.110 1 0
github.com/vit6556/ozon-internship-assignment/internal/delivery/http/handler/url.go:95.2,95.74 1 1
github.com/vit6556/ozon-internship-assignment/internal/service/mocks/url.go:18.96,21.19 2 1
github.com/vit6556/ozon-internship-assignment/internal/service/mocks/url.go:21.19,22.50 1 0
github.com/vit6556/ozon-internship-assignment/internal/service/mocks/url.go:25.2,27.83 3 1
github.com/vit6556/ozon-internship-assignment/internal/service/mocks/url.go:27.83,29.3 1 0
github.com/vit6556/ozon-internship-assignment/internal/service/mocks/url.go:30.2,30.74 1 1
github.com/vit6556/ozon-internship-assignment/internal/service/mocks/url.go:30.74,32.3 1 0
github.com/vit6556/ozon-internship-assignment/internal/service/mocks/url.go:32.8,33.24 1 1
github.com/vit6556/ozon-internship-assignment/internal/service/mocks/url.go:33.24,35.4 1 1
github.com/vit6556/ozon-internship-assignment/internal/service/mocks/url.go:38.2,38.68 1 1
github.com/vit6556/ozon-internship-assignment/internal/service/mocks/url.go:38.68,40.3 1 0
github.com/vit6556/ozon-internship-assignment/internal/service/mocks/url.go:40.8,42.3 1 1
github.com/vit6556/ozon-internship-assignment/internal/service/mocks/url.go:44.2,44.15 1 1
github.com/vit6556/ozon-internship-assignment/internal/service/mocks/url.go:48.90,51.19 2 1
github.com/vit6556/ozon-internship-assignment/internal/service/mocks/url.go:51.19,52.48 1 0
github.com/vit6556/ozon-internship-assignment/internal/service/mocks/url.go:55.2,57.83 3 1
github.com/vit6556/ozon-internship-assignment/internal/service/mocks/url.go:57.83,59.3 1 0
github.com/vit6556/ozon-internship-assignment/internal/service/mocks/url.go:60.2,60.74 1 1
github.com/vit6556/ozon-internship-assignment/internal/service/mocks/url.go:60.74,62.3 1 0
github.com/vit6556/ozon-internship-assignment/internal/service/mocks/url.go:62.8,63.24 1 1
github.com/vit6556/ozon-internship-assignment/internal/service/mocks/url.go:63.24,65.4 1 1
github.com/vit6556/ozon-internship-assignment/internal/service/mocks/url.go:68.2,68.68 1 1
github.com/vit6556/ozon-internship-assignment/internal/service/mocks/url.go:68.68,70.3 1 0
github.com/vit6556/ozon-internship-assignment/internal/service/mocks/url.go:70.8,72.3 1 1
github.com/vit6556/ozon-internship-assignment/internal/service/mocks/url.go:74.2,74.15 1 1
github.com/vit6556/ozon-internship-assignment/internal/service/mocks/url.go:82.20,86.19 3 0
github.com/vit6556/ozon-internship-assignment/internal/service/mocks/url.go:86.19,86.49 1 0
github.com/vit6556/ozon-internship-assignment/internal/service/mocks/url.go:88.2,88.13 1 0
